The system is: Linux - 5.4.0-150-generic - x86_64
Compiling the C compiler identification source file "CMakeCCompilerId.c" succeeded.
Compiler: /usr/bin/clang-17 
Build flags: 
Id flags:  

The output was:
0


Compilation of the C compiler identification source "CMakeCCompilerId.c" produced "a.out"

The C compiler identification is Clang, found in "/home/ad-course/project_of_xycar/ad-practice-6-assignment/차선인식 프로젝트/build/CMakeFiles/3.25.2/CompilerIdC/a.out"

Compiling the CXX compiler identification source file "CMakeCXXCompilerId.cpp" succeeded.
Compiler: /usr/bin/clang++-17 
Build flags: 
Id flags:  

The output was:
0


Compilation of the CXX compiler identification source "CMakeCXXCompilerId.cpp" produced "a.out"

The CXX compiler identification is Clang, found in "/home/ad-course/project_of_xycar/ad-practice-6-assignment/차선인식 프로젝트/build/CMakeFiles/3.25.2/CompilerIdCXX/a.out"

Detecting C compiler ABI info compiled with the following output:
Change Dir: /home/ad-course/project_of_xycar/ad-practice-6-assignment/차선인식 프로젝트/build/CMakeFiles/CMakeScratch/TryCompile-EsTG10

Run Build Command(s):/usr/bin/make -f Makefile cmTC_77c53/fast && /usr/bin/make  -f CMakeFiles/cmTC_77c53.dir/build.make CMakeFiles/cmTC_77c53.dir/build
make[1]: Entering directory '/home/ad-course/project_of_xycar/ad-practice-6-assignment/차선인식 프로젝트/build/CMakeFiles/CMakeScratch/TryCompile-EsTG10'
Building C object CMakeFiles/cmTC_77c53.dir/CMakeCCompilerABI.c.o
/usr/bin/clang-17   -v -MD -MT CMakeFiles/cmTC_77c53.dir/CMakeCCompilerABI.c.o -MF CMakeFiles/cmTC_77c53.dir/CMakeCCompilerABI.c.o.d -o CMakeFiles/cmTC_77c53.dir/CMakeCCompilerABI.c.o -c /usr/share/cmake-3.25/Modules/CMakeCCompilerABI.c
Ubuntu clang version 17.0.3 (++20231017073302+888437e1b600-1~exp1~20231017073402.56)
Target: x86_64-pc-linux-gnu
Thread model: posix
InstalledDir: /usr/bin
Found candidate GCC installation: /usr/bin/../lib/gcc/x86_64-linux-gnu/7
Found candidate GCC installation: /usr/bin/../lib/gcc/x86_64-linux-gnu/7.5.0
Found candidate GCC installation: /usr/bin/../lib/gcc/x86_64-linux-gnu/8
Selected GCC installation: /usr/bin/../lib/gcc/x86_64-linux-gnu/7
Candidate multilib: .;@m64
Selected multilib: .;@m64
 (in-process)
 "/usr/lib/llvm-17/bin/clang" -cc1 -triple x86_64-pc-linux-gnu -emit-obj -mrelax-all -disable-free -clear-ast-before-backend -disable-llvm-verifier -discard-value-names -main-file-name CMakeCCompilerABI.c -mrelocation-model pic -pic-level 2 -pic-is-pie -mframe-pointer=all -fmath-errno -ffp-contract=on -fno-rounding-math -mconstructor-aliases -funwind-tables=2 -target-cpu x86-64 -tune-cpu generic -debugger-tuning=gdb -v "-fcoverage-compilation-dir=/home/ad-course/project_of_xycar/ad-practice-6-assignment/차선인식 프로젝트/build/CMakeFiles/CMakeScratch/TryCompile-EsTG10" -resource-dir /usr/lib/llvm-17/lib/clang/17 -dependency-file CMakeFiles/cmTC_77c53.dir/CMakeCCompilerABI.c.o.d -MT CMakeFiles/cmTC_77c53.dir/CMakeCCompilerABI.c.o -sys-header-deps -canonical-system-headers -internal-isystem /usr/lib/llvm-17/lib/clang/17/include -internal-isystem /usr/local/include -internal-isystem /usr/bin/../lib/gcc/x86_64-linux-gnu/7/../../../../x86_64-linux-gnu/include -internal-externc-isystem /usr/include/x86_64-linux-gnu -internal-externc-isystem /include -internal-externc-isystem /usr/include "-fdebug-compilation-dir=/home/ad-course/project_of_xycar/ad-practice-6-assignment/차선인식 프로젝트/build/CMakeFiles/CMakeScratch/TryCompile-EsTG10" -ferror-limit 19 -fgnuc-version=4.2.1 -faddrsig -D__GCC_HAVE_DWARF2_CFI_ASM=1 -o CMakeFiles/cmTC_77c53.dir/CMakeCCompilerABI.c.o -x c /usr/share/cmake-3.25/Modules/CMakeCCompilerABI.c
clang -cc1 version 17.0.3 based upon LLVM 17.0.3 default target x86_64-pc-linux-gnu
ignoring nonexistent directory "/usr/bin/../lib/gcc/x86_64-linux-gnu/7/../../../../x86_64-linux-gnu/include"
ignoring nonexistent directory "/include"
#include "..." search starts here:
#include <...> search starts here:
 /usr/lib/llvm-17/lib/clang/17/include
 /usr/local/include
 /usr/include/x86_64-linux-gnu
 /usr/include
End of search list.
Linking C executable cmTC_77c53
/usr/bin/cmake -E cmake_link_script CMakeFiles/cmTC_77c53.dir/link.txt --verbose=1
/usr/bin/clang-17  -v -rdynamic CMakeFiles/cmTC_77c53.dir/CMakeCCompilerABI.c.o -o cmTC_77c53 
Ubuntu clang version 17.0.3 (++20231017073302+888437e1b600-1~exp1~20231017073402.56)
Target: x86_64-pc-linux-gnu
Thread model: posix
InstalledDir: /usr/bin
Found candidate GCC installation: /usr/bin/../lib/gcc/x86_64-linux-gnu/7
Found candidate GCC installation: /usr/bin/../lib/gcc/x86_64-linux-gnu/7.5.0
Found candidate GCC installation: /usr/bin/../lib/gcc/x86_64-linux-gnu/8
Selected GCC installation: /usr/bin/../lib/gcc/x86_64-linux-gnu/7
Candidate multilib: .;@m64
Selected multilib: .;@m64
 "/usr/bin/ld" -pie -export-dynamic -z relro --hash-style=gnu --build-id --eh-frame-hdr -m elf_x86_64 -export-dynamic -dynamic-linker /lib64/ld-linux-x86-64.so.2 -o cmTC_77c53 /usr/lib/x86_64-linux-gnu/Scrt1.o /usr/lib/x86_64-linux-gnu/crti.o /usr/bin/../lib/gcc/x86_64-linux-gnu/7/crtbeginS.o -L/usr/bin/../lib/gcc/x86_64-linux-gnu/7 -L/lib/x86_64-linux-gnu -L/lib/../lib64 -L/usr/lib/x86_64-linux-gnu -L/lib -L/usr/lib CMakeFiles/cmTC_77c53.dir/CMakeCCompilerABI.c.o -lgcc --as-needed -lgcc_s --no-as-needed -lc -lgcc --as-needed -lgcc_s --no-as-needed /usr/bin/../lib/gcc/x86_64-linux-gnu/7/crtendS.o /usr/lib/x86_64-linux-gnu/crtn.o
make[1]: Leaving directory '/home/ad-course/project_of_xycar/ad-practice-6-assignment/차선인식 프로젝트/build/CMakeFiles/CMakeScratch/TryCompile-EsTG10'



Parsed C implicit include dir info from above output: rv=done
  found start of include info
  found start of implicit include info
    add: [/usr/lib/llvm-17/lib/clang/17/include]
    add: [/usr/local/include]
    add: [/usr/include/x86_64-linux-gnu]
    add: [/usr/include]
  end of search list found
  collapse include dir [/usr/lib/llvm-17/lib/clang/17/include] ==> [/usr/lib/llvm-17/lib/clang/17/include]
  collapse include dir [/usr/local/include] ==> [/usr/local/include]
  collapse include dir [/usr/include/x86_64-linux-gnu] ==> [/usr/include/x86_64-linux-gnu]
  collapse include dir [/usr/include] ==> [/usr/include]
  implicit include dirs: [/usr/lib/llvm-17/lib/clang/17/include;/usr/local/include;/usr/include/x86_64-linux-gnu;/usr/include]


Parsed C implicit link information from above output:
  link line regex: [^( *|.*[/\])(ld\.lld-17|CMAKE_LINK_STARTFILE-NOTFOUND|([^/\]+-)?ld|collect2)[^/\]*( |$)]
  ignore line: [Change Dir: /home/ad-course/project_of_xycar/ad-practice-6-assignment/차선인식 프로젝트/build/CMakeFiles/CMakeScratch/TryCompile-EsTG10]
  ignore line: []
  ignore line: [Run Build Command(s):/usr/bin/make -f Makefile cmTC_77c53/fast && /usr/bin/make  -f CMakeFiles/cmTC_77c53.dir/build.make CMakeFiles/cmTC_77c53.dir/build]
  ignore line: [make[1]: Entering directory '/home/ad-course/project_of_xycar/ad-practice-6-assignment/차선인식 프로젝트/build/CMakeFiles/CMakeScratch/TryCompile-EsTG10']
  ignore line: [Building C object CMakeFiles/cmTC_77c53.dir/CMakeCCompilerABI.c.o]
  ignore line: [/usr/bin/clang-17   -v -MD -MT CMakeFiles/cmTC_77c53.dir/CMakeCCompilerABI.c.o -MF CMakeFiles/cmTC_77c53.dir/CMakeCCompilerABI.c.o.d -o CMakeFiles/cmTC_77c53.dir/CMakeCCompilerABI.c.o -c /usr/share/cmake-3.25/Modules/CMakeCCompilerABI.c]
  ignore line: [Ubuntu clang version 17.0.3 (++20231017073302+888437e1b600-1~exp1~20231017073402.56)]
  ignore line: [Target: x86_64-pc-linux-gnu]
  ignore line: [Thread model: posix]
  ignore line: [InstalledDir: /usr/bin]
  ignore line: [Found candidate GCC installation: /usr/bin/../lib/gcc/x86_64-linux-gnu/7]
  ignore line: [Found candidate GCC installation: /usr/bin/../lib/gcc/x86_64-linux-gnu/7.5.0]
  ignore line: [Found candidate GCC installation: /usr/bin/../lib/gcc/x86_64-linux-gnu/8]
  ignore line: [Selected GCC installation: /usr/bin/../lib/gcc/x86_64-linux-gnu/7]
  ignore line: [Candidate multilib: .]
  ignore line: [@m64]
  ignore line: [Selected multilib: .]
  ignore line: [@m64]
  ignore line: [ (in-process)]
  ignore line: [ "/usr/lib/llvm-17/bin/clang" -cc1 -triple x86_64-pc-linux-gnu -emit-obj -mrelax-all -disable-free -clear-ast-before-backend -disable-llvm-verifier -discard-value-names -main-file-name CMakeCCompilerABI.c -mrelocation-model pic -pic-level 2 -pic-is-pie -mframe-pointer=all -fmath-errno -ffp-contract=on -fno-rounding-math -mconstructor-aliases -funwind-tables=2 -target-cpu x86-64 -tune-cpu generic -debugger-tuning=gdb -v "-fcoverage-compilation-dir=/home/ad-course/project_of_xycar/ad-practice-6-assignment/차선인식 프로젝트/build/CMakeFiles/CMakeScratch/TryCompile-EsTG10" -resource-dir /usr/lib/llvm-17/lib/clang/17 -dependency-file CMakeFiles/cmTC_77c53.dir/CMakeCCompilerABI.c.o.d -MT CMakeFiles/cmTC_77c53.dir/CMakeCCompilerABI.c.o -sys-header-deps -canonical-system-headers -internal-isystem /usr/lib/llvm-17/lib/clang/17/include -internal-isystem /usr/local/include -internal-isystem /usr/bin/../lib/gcc/x86_64-linux-gnu/7/../../../../x86_64-linux-gnu/include -internal-externc-isystem /usr/include/x86_64-linux-gnu -internal-externc-isystem /include -internal-externc-isystem /usr/include "-fdebug-compilation-dir=/home/ad-course/project_of_xycar/ad-practice-6-assignment/차선인식 프로젝트/build/CMakeFiles/CMakeScratch/TryCompile-EsTG10" -ferror-limit 19 -fgnuc-version=4.2.1 -faddrsig -D__GCC_HAVE_DWARF2_CFI_ASM=1 -o CMakeFiles/cmTC_77c53.dir/CMakeCCompilerABI.c.o -x c /usr/share/cmake-3.25/Modules/CMakeCCompilerABI.c]
  ignore line: [clang -cc1 version 17.0.3 based upon LLVM 17.0.3 default target x86_64-pc-linux-gnu]
  ignore line: [ignoring nonexistent directory "/usr/bin/../lib/gcc/x86_64-linux-gnu/7/../../../../x86_64-linux-gnu/include"]
  ignore line: [ignoring nonexistent directory "/include"]
  ignore line: [#include "..." search starts here:]
  ignore line: [#include <...> search starts here:]
  ignore line: [ /usr/lib/llvm-17/lib/clang/17/include]
  ignore line: [ /usr/local/include]
  ignore line: [ /usr/include/x86_64-linux-gnu]
  ignore line: [ /usr/include]
  ignore line: [End of search list.]
  ignore line: [Linking C executable cmTC_77c53]
  ignore line: [/usr/bin/cmake -E cmake_link_script CMakeFiles/cmTC_77c53.dir/link.txt --verbose=1]
  ignore line: [/usr/bin/clang-17  -v -rdynamic CMakeFiles/cmTC_77c53.dir/CMakeCCompilerABI.c.o -o cmTC_77c53 ]
  ignore line: [Ubuntu clang version 17.0.3 (++20231017073302+888437e1b600-1~exp1~20231017073402.56)]
  ignore line: [Target: x86_64-pc-linux-gnu]
  ignore line: [Thread model: posix]
  ignore line: [InstalledDir: /usr/bin]
  ignore line: [Found candidate GCC installation: /usr/bin/../lib/gcc/x86_64-linux-gnu/7]
  ignore line: [Found candidate GCC installation: /usr/bin/../lib/gcc/x86_64-linux-gnu/7.5.0]
  ignore line: [Found candidate GCC installation: /usr/bin/../lib/gcc/x86_64-linux-gnu/8]
  ignore line: [Selected GCC installation: /usr/bin/../lib/gcc/x86_64-linux-gnu/7]
  ignore line: [Candidate multilib: .]
  ignore line: [@m64]
  ignore line: [Selected multilib: .]
  ignore line: [@m64]
  link line: [ "/usr/bin/ld" -pie -export-dynamic -z relro --hash-style=gnu --build-id --eh-frame-hdr -m elf_x86_64 -export-dynamic -dynamic-linker /lib64/ld-linux-x86-64.so.2 -o cmTC_77c53 /usr/lib/x86_64-linux-gnu/Scrt1.o /usr/lib/x86_64-linux-gnu/crti.o /usr/bin/../lib/gcc/x86_64-linux-gnu/7/crtbeginS.o -L/usr/bin/../lib/gcc/x86_64-linux-gnu/7 -L/lib/x86_64-linux-gnu -L/lib/../lib64 -L/usr/lib/x86_64-linux-gnu -L/lib -L/usr/lib CMakeFiles/cmTC_77c53.dir/CMakeCCompilerABI.c.o -lgcc --as-needed -lgcc_s --no-as-needed -lc -lgcc --as-needed -lgcc_s --no-as-needed /usr/bin/../lib/gcc/x86_64-linux-gnu/7/crtendS.o /usr/lib/x86_64-linux-gnu/crtn.o]
    arg [/usr/bin/ld] ==> ignore
    arg [-pie] ==> ignore
    arg [-export-dynamic] ==> ignore
    arg [-zrelro] ==> ignore
    arg [--hash-style=gnu] ==> ignore
    arg [--build-id] ==> ignore
    arg [--eh-frame-hdr] ==> ignore
    arg [-m] ==> ignore
    arg [elf_x86_64] ==> ignore
    arg [-export-dynamic] ==> ignore
    arg [-dynamic-linker] ==> ignore
    arg [/lib64/ld-linux-x86-64.so.2] ==> ignore
    arg [-o] ==> ignore
    arg [cmTC_77c53] ==> ignore
    arg [/usr/lib/x86_64-linux-gnu/Scrt1.o] ==> obj [/usr/lib/x86_64-linux-gnu/Scrt1.o]
    arg [/usr/lib/x86_64-linux-gnu/crti.o] ==> obj [/usr/lib/x86_64-linux-gnu/crti.o]
    arg [/usr/bin/../lib/gcc/x86_64-linux-gnu/7/crtbeginS.o] ==> obj [/usr/bin/../lib/gcc/x86_64-linux-gnu/7/crtbeginS.o]
    arg [-L/usr/bin/../lib/gcc/x86_64-linux-gnu/7] ==> dir [/usr/bin/../lib/gcc/x86_64-linux-gnu/7]
    arg [-L/lib/x86_64-linux-gnu] ==> dir [/lib/x86_64-linux-gnu]
    arg [-L/lib/../lib64] ==> dir [/lib/../lib64]
    arg [-L/usr/lib/x86_64-linux-gnu] ==> dir [/usr/lib/x86_64-linux-gnu]
    arg [-L/lib] ==> dir [/lib]
    arg [-L/usr/lib] ==> dir [/usr/lib]
    arg [CMakeFiles/cmTC_77c53.dir/CMakeCCompilerABI.c.o] ==> ignore
    arg [-lgcc] ==> lib [gcc]
    arg [--as-needed] ==> ignore
    arg [-lgcc_s] ==> lib [gcc_s]
    arg [--no-as-needed] ==> ignore
    arg [-lc] ==> lib [c]
    arg [-lgcc] ==> lib [gcc]
    arg [--as-needed] ==> ignore
    arg [-lgcc_s] ==> lib [gcc_s]
    arg [--no-as-needed] ==> ignore
    arg [/usr/bin/../lib/gcc/x86_64-linux-gnu/7/crtendS.o] ==> obj [/usr/bin/../lib/gcc/x86_64-linux-gnu/7/crtendS.o]
    arg [/usr/lib/x86_64-linux-gnu/crtn.o] ==> obj [/usr/lib/x86_64-linux-gnu/crtn.o]
  collapse obj [/usr/bin/../lib/gcc/x86_64-linux-gnu/7/crtbeginS.o] ==> [/usr/lib/gcc/x86_64-linux-gnu/7/crtbeginS.o]
  collapse obj [/usr/bin/../lib/gcc/x86_64-linux-gnu/7/crtendS.o] ==> [/usr/lib/gcc/x86_64-linux-gnu/7/crtendS.o]
  collapse library dir [/usr/bin/../lib/gcc/x86_64-linux-gnu/7] ==> [/usr/lib/gcc/x86_64-linux-gnu/7]
  collapse library dir [/lib/x86_64-linux-gnu] ==> [/lib/x86_64-linux-gnu]
  collapse library dir [/lib/../lib64] ==> [/lib64]
  collapse library dir [/usr/lib/x86_64-linux-gnu] ==> [/usr/lib/x86_64-linux-gnu]
  collapse library dir [/lib] ==> [/lib]
  collapse library dir [/usr/lib] ==> [/usr/lib]
  implicit libs: [gcc;gcc_s;c;gcc;gcc_s]
  implicit objs: [/usr/lib/x86_64-linux-gnu/Scrt1.o;/usr/lib/x86_64-linux-gnu/crti.o;/usr/lib/gcc/x86_64-linux-gnu/7/crtbeginS.o;/usr/lib/gcc/x86_64-linux-gnu/7/crtendS.o;/usr/lib/x86_64-linux-gnu/crtn.o]
  implicit dirs: [/usr/lib/gcc/x86_64-linux-gnu/7;/lib/x86_64-linux-gnu;/lib64;/usr/lib/x86_64-linux-gnu;/lib;/usr/lib]
  implicit fwks: []


Detecting CXX compiler ABI info compiled with the following output:
Change Dir: /home/ad-course/project_of_xycar/ad-practice-6-assignment/차선인식 프로젝트/build/CMakeFiles/CMakeScratch/TryCompile-JQ5v74

Run Build Command(s):/usr/bin/make -f Makefile cmTC_04770/fast && /usr/bin/make  -f CMakeFiles/cmTC_04770.dir/build.make CMakeFiles/cmTC_04770.dir/build
make[1]: Entering directory '/home/ad-course/project_of_xycar/ad-practice-6-assignment/차선인식 프로젝트/build/CMakeFiles/CMakeScratch/TryCompile-JQ5v74'
Building CXX object CMakeFiles/cmTC_04770.dir/CMakeCXXCompilerABI.cpp.o
/usr/bin/clang++-17   -v -MD -MT CMakeFiles/cmTC_04770.dir/CMakeCXXCompilerABI.cpp.o -MF CMakeFiles/cmTC_04770.dir/CMakeCXXCompilerABI.cpp.o.d -o CMakeFiles/cmTC_04770.dir/CMakeCXXCompilerABI.cpp.o -c /usr/share/cmake-3.25/Modules/CMakeCXXCompilerABI.cpp
Ubuntu clang version 17.0.3 (++20231017073302+888437e1b600-1~exp1~20231017073402.56)
Target: x86_64-pc-linux-gnu
Thread model: posix
InstalledDir: /usr/bin
Found candidate GCC installation: /usr/bin/../lib/gcc/x86_64-linux-gnu/7
Found candidate GCC installation: /usr/bin/../lib/gcc/x86_64-linux-gnu/7.5.0
Found candidate GCC installation: /usr/bin/../lib/gcc/x86_64-linux-gnu/8
Selected GCC installation: /usr/bin/../lib/gcc/x86_64-linux-gnu/7
Candidate multilib: .;@m64
Selected multilib: .;@m64
 (in-process)
 "/usr/lib/llvm-17/bin/clang" -cc1 -triple x86_64-pc-linux-gnu -emit-obj -mrelax-all -disable-free -clear-ast-before-backend -disable-llvm-verifier -discard-value-names -main-file-name CMakeCXXCompilerABI.cpp -mrelocation-model pic -pic-level 2 -pic-is-pie -mframe-pointer=all -fmath-errno -ffp-contract=on -fno-rounding-math -mconstructor-aliases -funwind-tables=2 -target-cpu x86-64 -tune-cpu generic -debugger-tuning=gdb -v "-fcoverage-compilation-dir=/home/ad-course/project_of_xycar/ad-practice-6-assignment/차선인식 프로젝트/build/CMakeFiles/CMakeScratch/TryCompile-JQ5v74" -resource-dir /usr/lib/llvm-17/lib/clang/17 -dependency-file CMakeFiles/cmTC_04770.dir/CMakeCXXCompilerABI.cpp.o.d -MT CMakeFiles/cmTC_04770.dir/CMakeCXXCompilerABI.cpp.o -sys-header-deps -canonical-system-headers -internal-isystem /usr/bin/../lib/gcc/x86_64-linux-gnu/7/../../../../include/c++/7 -internal-isystem /usr/bin/../lib/gcc/x86_64-linux-gnu/7/../../../../include/x86_64-linux-gnu/c++/7 -internal-isystem /usr/bin/../lib/gcc/x86_64-linux-gnu/7/../../../../include/c++/7/backward -internal-isystem /usr/lib/llvm-17/lib/clang/17/include -internal-isystem /usr/local/include -internal-isystem /usr/bin/../lib/gcc/x86_64-linux-gnu/7/../../../../x86_64-linux-gnu/include -internal-externc-isystem /usr/include/x86_64-linux-gnu -internal-externc-isystem /include -internal-externc-isystem /usr/include -fdeprecated-macro "-fdebug-compilation-dir=/home/ad-course/project_of_xycar/ad-practice-6-assignment/차선인식 프로젝트/build/CMakeFiles/CMakeScratch/TryCompile-JQ5v74" -ferror-limit 19 -fgnuc-version=4.2.1 -fcxx-exceptions -fexceptions -faddrsig -D__GCC_HAVE_DWARF2_CFI_ASM=1 -o CMakeFiles/cmTC_04770.dir/CMakeCXXCompilerABI.cpp.o -x c++ /usr/share/cmake-3.25/Modules/CMakeCXXCompilerABI.cpp
clang -cc1 version 17.0.3 based upon LLVM 17.0.3 default target x86_64-pc-linux-gnu
ignoring nonexistent directory "/usr/bin/../lib/gcc/x86_64-linux-gnu/7/../../../../x86_64-linux-gnu/include"
ignoring nonexistent directory "/include"
#include "..." search starts here:
#include <...> search starts here:
 /usr/bin/../lib/gcc/x86_64-linux-gnu/7/../../../../include/c++/7
 /usr/bin/../lib/gcc/x86_64-linux-gnu/7/../../../../include/x86_64-linux-gnu/c++/7
 /usr/bin/../lib/gcc/x86_64-linux-gnu/7/../../../../include/c++/7/backward
 /usr/lib/llvm-17/lib/clang/17/include
 /usr/local/include
 /usr/include/x86_64-linux-gnu
 /usr/include
End of search list.
Linking CXX executable cmTC_04770
/usr/bin/cmake -E cmake_link_script CMakeFiles/cmTC_04770.dir/link.txt --verbose=1
/usr/bin/clang++-17  -v -rdynamic CMakeFiles/cmTC_04770.dir/CMakeCXXCompilerABI.cpp.o -o cmTC_04770 
Ubuntu clang version 17.0.3 (++20231017073302+888437e1b600-1~exp1~20231017073402.56)
Target: x86_64-pc-linux-gnu
Thread model: posix
InstalledDir: /usr/bin
Found candidate GCC installation: /usr/bin/../lib/gcc/x86_64-linux-gnu/7
Found candidate GCC installation: /usr/bin/../lib/gcc/x86_64-linux-gnu/7.5.0
Found candidate GCC installation: /usr/bin/../lib/gcc/x86_64-linux-gnu/8
Selected GCC installation: /usr/bin/../lib/gcc/x86_64-linux-gnu/7
Candidate multilib: .;@m64
Selected multilib: .;@m64
 "/usr/bin/ld" -pie -export-dynamic -z relro --hash-style=gnu --build-id --eh-frame-hdr -m elf_x86_64 -export-dynamic -dynamic-linker /lib64/ld-linux-x86-64.so.2 -o cmTC_04770 /usr/lib/x86_64-linux-gnu/Scrt1.o /usr/lib/x86_64-linux-gnu/crti.o /usr/bin/../lib/gcc/x86_64-linux-gnu/7/crtbeginS.o -L/usr/bin/../lib/gcc/x86_64-linux-gnu/7 -L/lib/x86_64-linux-gnu -L/lib/../lib64 -L/usr/lib/x86_64-linux-gnu -L/lib -L/usr/lib CMakeFiles/cmTC_04770.dir/CMakeCXXCompilerABI.cpp.o -lstdc++ -lm -lgcc_s -lgcc -lc -lgcc_s -lgcc /usr/bin/../lib/gcc/x86_64-linux-gnu/7/crtendS.o /usr/lib/x86_64-linux-gnu/crtn.o
make[1]: Leaving directory '/home/ad-course/project_of_xycar/ad-practice-6-assignment/차선인식 프로젝트/build/CMakeFiles/CMakeScratch/TryCompile-JQ5v74'



Parsed CXX implicit include dir info from above output: rv=done
  found start of include info
  found start of implicit include info
    add: [/usr/bin/../lib/gcc/x86_64-linux-gnu/7/../../../../include/c++/7]
    add: [/usr/bin/../lib/gcc/x86_64-linux-gnu/7/../../../../include/x86_64-linux-gnu/c++/7]
    add: [/usr/bin/../lib/gcc/x86_64-linux-gnu/7/../../../../include/c++/7/backward]
    add: [/usr/lib/llvm-17/lib/clang/17/include]
    add: [/usr/local/include]
    add: [/usr/include/x86_64-linux-gnu]
    add: [/usr/include]
  end of search list found
  collapse include dir [/usr/bin/../lib/gcc/x86_64-linux-gnu/7/../../../../include/c++/7] ==> [/usr/include/c++/7]
  collapse include dir [/usr/bin/../lib/gcc/x86_64-linux-gnu/7/../../../../include/x86_64-linux-gnu/c++/7] ==> [/usr/include/x86_64-linux-gnu/c++/7]
  collapse include dir [/usr/bin/../lib/gcc/x86_64-linux-gnu/7/../../../../include/c++/7/backward] ==> [/usr/include/c++/7/backward]
  collapse include dir [/usr/lib/llvm-17/lib/clang/17/include] ==> [/usr/lib/llvm-17/lib/clang/17/include]
  collapse include dir [/usr/local/include] ==> [/usr/local/include]
  collapse include dir [/usr/include/x86_64-linux-gnu] ==> [/usr/include/x86_64-linux-gnu]
  collapse include dir [/usr/include] ==> [/usr/include]
  implicit include dirs: [/usr/include/c++/7;/usr/include/x86_64-linux-gnu/c++/7;/usr/include/c++/7/backward;/usr/lib/llvm-17/lib/clang/17/include;/usr/local/include;/usr/include/x86_64-linux-gnu;/usr/include]


Parsed CXX implicit link information from above output:
  link line regex: [^( *|.*[/\])(ld\.lld-17|CMAKE_LINK_STARTFILE-NOTFOUND|([^/\]+-)?ld|collect2)[^/\]*( |$)]
  ignore line: [Change Dir: /home/ad-course/project_of_xycar/ad-practice-6-assignment/차선인식 프로젝트/build/CMakeFiles/CMakeScratch/TryCompile-JQ5v74]
  ignore line: []
  ignore line: [Run Build Command(s):/usr/bin/make -f Makefile cmTC_04770/fast && /usr/bin/make  -f CMakeFiles/cmTC_04770.dir/build.make CMakeFiles/cmTC_04770.dir/build]
  ignore line: [make[1]: Entering directory '/home/ad-course/project_of_xycar/ad-practice-6-assignment/차선인식 프로젝트/build/CMakeFiles/CMakeScratch/TryCompile-JQ5v74']
  ignore line: [Building CXX object CMakeFiles/cmTC_04770.dir/CMakeCXXCompilerABI.cpp.o]
  ignore line: [/usr/bin/clang++-17   -v -MD -MT CMakeFiles/cmTC_04770.dir/CMakeCXXCompilerABI.cpp.o -MF CMakeFiles/cmTC_04770.dir/CMakeCXXCompilerABI.cpp.o.d -o CMakeFiles/cmTC_04770.dir/CMakeCXXCompilerABI.cpp.o -c /usr/share/cmake-3.25/Modules/CMakeCXXCompilerABI.cpp]
  ignore line: [Ubuntu clang version 17.0.3 (++20231017073302+888437e1b600-1~exp1~20231017073402.56)]
  ignore line: [Target: x86_64-pc-linux-gnu]
  ignore line: [Thread model: posix]
  ignore line: [InstalledDir: /usr/bin]
  ignore line: [Found candidate GCC installation: /usr/bin/../lib/gcc/x86_64-linux-gnu/7]
  ignore line: [Found candidate GCC installation: /usr/bin/../lib/gcc/x86_64-linux-gnu/7.5.0]
  ignore line: [Found candidate GCC installation: /usr/bin/../lib/gcc/x86_64-linux-gnu/8]
  ignore line: [Selected GCC installation: /usr/bin/../lib/gcc/x86_64-linux-gnu/7]
  ignore line: [Candidate multilib: .]
  ignore line: [@m64]
  ignore line: [Selected multilib: .]
  ignore line: [@m64]
  ignore line: [ (in-process)]
  ignore line: [ "/usr/lib/llvm-17/bin/clang" -cc1 -triple x86_64-pc-linux-gnu -emit-obj -mrelax-all -disable-free -clear-ast-before-backend -disable-llvm-verifier -discard-value-names -main-file-name CMakeCXXCompilerABI.cpp -mrelocation-model pic -pic-level 2 -pic-is-pie -mframe-pointer=all -fmath-errno -ffp-contract=on -fno-rounding-math -mconstructor-aliases -funwind-tables=2 -target-cpu x86-64 -tune-cpu generic -debugger-tuning=gdb -v "-fcoverage-compilation-dir=/home/ad-course/project_of_xycar/ad-practice-6-assignment/차선인식 프로젝트/build/CMakeFiles/CMakeScratch/TryCompile-JQ5v74" -resource-dir /usr/lib/llvm-17/lib/clang/17 -dependency-file CMakeFiles/cmTC_04770.dir/CMakeCXXCompilerABI.cpp.o.d -MT CMakeFiles/cmTC_04770.dir/CMakeCXXCompilerABI.cpp.o -sys-header-deps -canonical-system-headers -internal-isystem /usr/bin/../lib/gcc/x86_64-linux-gnu/7/../../../../include/c++/7 -internal-isystem /usr/bin/../lib/gcc/x86_64-linux-gnu/7/../../../../include/x86_64-linux-gnu/c++/7 -internal-isystem /usr/bin/../lib/gcc/x86_64-linux-gnu/7/../../../../include/c++/7/backward -internal-isystem /usr/lib/llvm-17/lib/clang/17/include -internal-isystem /usr/local/include -internal-isystem /usr/bin/../lib/gcc/x86_64-linux-gnu/7/../../../../x86_64-linux-gnu/include -internal-externc-isystem /usr/include/x86_64-linux-gnu -internal-externc-isystem /include -internal-externc-isystem /usr/include -fdeprecated-macro "-fdebug-compilation-dir=/home/ad-course/project_of_xycar/ad-practice-6-assignment/차선인식 프로젝트/build/CMakeFiles/CMakeScratch/TryCompile-JQ5v74" -ferror-limit 19 -fgnuc-version=4.2.1 -fcxx-exceptions -fexceptions -faddrsig -D__GCC_HAVE_DWARF2_CFI_ASM=1 -o CMakeFiles/cmTC_04770.dir/CMakeCXXCompilerABI.cpp.o -x c++ /usr/share/cmake-3.25/Modules/CMakeCXXCompilerABI.cpp]
  ignore line: [clang -cc1 version 17.0.3 based upon LLVM 17.0.3 default target x86_64-pc-linux-gnu]
  ignore line: [ignoring nonexistent directory "/usr/bin/../lib/gcc/x86_64-linux-gnu/7/../../../../x86_64-linux-gnu/include"]
  ignore line: [ignoring nonexistent directory "/include"]
  ignore line: [#include "..." search starts here:]
  ignore line: [#include <...> search starts here:]
  ignore line: [ /usr/bin/../lib/gcc/x86_64-linux-gnu/7/../../../../include/c++/7]
  ignore line: [ /usr/bin/../lib/gcc/x86_64-linux-gnu/7/../../../../include/x86_64-linux-gnu/c++/7]
  ignore line: [ /usr/bin/../lib/gcc/x86_64-linux-gnu/7/../../../../include/c++/7/backward]
  ignore line: [ /usr/lib/llvm-17/lib/clang/17/include]
  ignore line: [ /usr/local/include]
  ignore line: [ /usr/include/x86_64-linux-gnu]
  ignore line: [ /usr/include]
  ignore line: [End of search list.]
  ignore line: [Linking CXX executable cmTC_04770]
  ignore line: [/usr/bin/cmake -E cmake_link_script CMakeFiles/cmTC_04770.dir/link.txt --verbose=1]
  ignore line: [/usr/bin/clang++-17  -v -rdynamic CMakeFiles/cmTC_04770.dir/CMakeCXXCompilerABI.cpp.o -o cmTC_04770 ]
  ignore line: [Ubuntu clang version 17.0.3 (++20231017073302+888437e1b600-1~exp1~20231017073402.56)]
  ignore line: [Target: x86_64-pc-linux-gnu]
  ignore line: [Thread model: posix]
  ignore line: [InstalledDir: /usr/bin]
  ignore line: [Found candidate GCC installation: /usr/bin/../lib/gcc/x86_64-linux-gnu/7]
  ignore line: [Found candidate GCC installation: /usr/bin/../lib/gcc/x86_64-linux-gnu/7.5.0]
  ignore line: [Found candidate GCC installation: /usr/bin/../lib/gcc/x86_64-linux-gnu/8]
  ignore line: [Selected GCC installation: /usr/bin/../lib/gcc/x86_64-linux-gnu/7]
  ignore line: [Candidate multilib: .]
  ignore line: [@m64]
  ignore line: [Selected multilib: .]
  ignore line: [@m64]
  link line: [ "/usr/bin/ld" -pie -export-dynamic -z relro --hash-style=gnu --build-id --eh-frame-hdr -m elf_x86_64 -export-dynamic -dynamic-linker /lib64/ld-linux-x86-64.so.2 -o cmTC_04770 /usr/lib/x86_64-linux-gnu/Scrt1.o /usr/lib/x86_64-linux-gnu/crti.o /usr/bin/../lib/gcc/x86_64-linux-gnu/7/crtbeginS.o -L/usr/bin/../lib/gcc/x86_64-linux-gnu/7 -L/lib/x86_64-linux-gnu -L/lib/../lib64 -L/usr/lib/x86_64-linux-gnu -L/lib -L/usr/lib CMakeFiles/cmTC_04770.dir/CMakeCXXCompilerABI.cpp.o -lstdc++ -lm -lgcc_s -lgcc -lc -lgcc_s -lgcc /usr/bin/../lib/gcc/x86_64-linux-gnu/7/crtendS.o /usr/lib/x86_64-linux-gnu/crtn.o]
    arg [/usr/bin/ld] ==> ignore
    arg [-pie] ==> ignore
    arg [-export-dynamic] ==> ignore
    arg [-zrelro] ==> ignore
    arg [--hash-style=gnu] ==> ignore
    arg [--build-id] ==> ignore
    arg [--eh-frame-hdr] ==> ignore
    arg [-m] ==> ignore
    arg [elf_x86_64] ==> ignore
    arg [-export-dynamic] ==> ignore
    arg [-dynamic-linker] ==> ignore
    arg [/lib64/ld-linux-x86-64.so.2] ==> ignore
    arg [-o] ==> ignore
    arg [cmTC_04770] ==> ignore
    arg [/usr/lib/x86_64-linux-gnu/Scrt1.o] ==> obj [/usr/lib/x86_64-linux-gnu/Scrt1.o]
    arg [/usr/lib/x86_64-linux-gnu/crti.o] ==> obj [/usr/lib/x86_64-linux-gnu/crti.o]
    arg [/usr/bin/../lib/gcc/x86_64-linux-gnu/7/crtbeginS.o] ==> obj [/usr/bin/../lib/gcc/x86_64-linux-gnu/7/crtbeginS.o]
    arg [-L/usr/bin/../lib/gcc/x86_64-linux-gnu/7] ==> dir [/usr/bin/../lib/gcc/x86_64-linux-gnu/7]
    arg [-L/lib/x86_64-linux-gnu] ==> dir [/lib/x86_64-linux-gnu]
    arg [-L/lib/../lib64] ==> dir [/lib/../lib64]
    arg [-L/usr/lib/x86_64-linux-gnu] ==> dir [/usr/lib/x86_64-linux-gnu]
    arg [-L/lib] ==> dir [/lib]
    arg [-L/usr/lib] ==> dir [/usr/lib]
    arg [CMakeFiles/cmTC_04770.dir/CMakeCXXCompilerABI.cpp.o] ==> ignore
    arg [-lstdc++] ==> lib [stdc++]
    arg [-lm] ==> lib [m]
    arg [-lgcc_s] ==> lib [gcc_s]
    arg [-lgcc] ==> lib [gcc]
    arg [-lc] ==> lib [c]
    arg [-lgcc_s] ==> lib [gcc_s]
    arg [-lgcc] ==> lib [gcc]
    arg [/usr/bin/../lib/gcc/x86_64-linux-gnu/7/crtendS.o] ==> obj [/usr/bin/../lib/gcc/x86_64-linux-gnu/7/crtendS.o]
    arg [/usr/lib/x86_64-linux-gnu/crtn.o] ==> obj [/usr/lib/x86_64-linux-gnu/crtn.o]
  collapse obj [/usr/bin/../lib/gcc/x86_64-linux-gnu/7/crtbeginS.o] ==> [/usr/lib/gcc/x86_64-linux-gnu/7/crtbeginS.o]
  collapse obj [/usr/bin/../lib/gcc/x86_64-linux-gnu/7/crtendS.o] ==> [/usr/lib/gcc/x86_64-linux-gnu/7/crtendS.o]
  collapse library dir [/usr/bin/../lib/gcc/x86_64-linux-gnu/7] ==> [/usr/lib/gcc/x86_64-linux-gnu/7]
  collapse library dir [/lib/x86_64-linux-gnu] ==> [/lib/x86_64-linux-gnu]
  collapse library dir [/lib/../lib64] ==> [/lib64]
  collapse library dir [/usr/lib/x86_64-linux-gnu] ==> [/usr/lib/x86_64-linux-gnu]
  collapse library dir [/lib] ==> [/lib]
  collapse library dir [/usr/lib] ==> [/usr/lib]
  implicit libs: [stdc++;m;gcc_s;gcc;c;gcc_s;gcc]
  implicit objs: [/usr/lib/x86_64-linux-gnu/Scrt1.o;/usr/lib/x86_64-linux-gnu/crti.o;/usr/lib/gcc/x86_64-linux-gnu/7/crtbeginS.o;/usr/lib/gcc/x86_64-linux-gnu/7/crtendS.o;/usr/lib/x86_64-linux-gnu/crtn.o]
  implicit dirs: [/usr/lib/gcc/x86_64-linux-gnu/7;/lib/x86_64-linux-gnu;/lib64;/usr/lib/x86_64-linux-gnu;/lib;/usr/lib]
  implicit fwks: []


Determining if the function pthread_create exists in the pthread passed with the following output:
Change Dir: /home/ad-course/project_of_xycar/ad-practice-6-assignment/차선인식 프로젝트/build/CMakeFiles/CMakeScratch/TryCompile-YElLuE

Run Build Command(s):/usr/bin/make -f Makefile cmTC_95acf/fast && /usr/bin/make  -f CMakeFiles/cmTC_95acf.dir/build.make CMakeFiles/cmTC_95acf.dir/build
make[1]: 디렉터리 '/home/ad-course/project_of_xycar/ad-practice-6-assignment/차선인식 프로젝트/build/CMakeFiles/CMakeScratch/TryCompile-YElLuE' 들어감
Building C object CMakeFiles/cmTC_95acf.dir/CheckFunctionExists.c.o
/usr/bin/clang-17   -DCHECK_FUNCTION_EXISTS=pthread_create -MD -MT CMakeFiles/cmTC_95acf.dir/CheckFunctionExists.c.o -MF CMakeFiles/cmTC_95acf.dir/CheckFunctionExists.c.o.d -o CMakeFiles/cmTC_95acf.dir/CheckFunctionExists.c.o -c "/home/ad-course/project_of_xycar/ad-practice-6-assignment/차선인식 프로젝트/build/CMakeFiles/CMakeScratch/TryCompile-YElLuE/CheckFunctionExists.c"
Linking C executable cmTC_95acf
/usr/bin/cmake -E cmake_link_script CMakeFiles/cmTC_95acf.dir/link.txt --verbose=1
/usr/bin/clang-17  -DCHECK_FUNCTION_EXISTS=pthread_create -rdynamic CMakeFiles/cmTC_95acf.dir/CheckFunctionExists.c.o -o cmTC_95acf  -lpthread 
make[1]: 디렉터리 '/home/ad-course/project_of_xycar/ad-practice-6-assignment/차선인식 프로젝트/build/CMakeFiles/CMakeScratch/TryCompile-YElLuE' 나감



