Performing C SOURCE FILE Test CMAKE_HAVE_LIBC_PTHREAD failed with the following output:
Change Dir: /home/ad-course/project_of_xycar/ad-practice-6-assignment/차선인식 프로젝트/build/CMakeFiles/CMakeScratch/TryCompile-C71tEe

Run Build Command(s):/usr/bin/make -f Makefile cmTC_467eb/fast && /usr/bin/make  -f CMakeFiles/cmTC_467eb.dir/build.make CMakeFiles/cmTC_467eb.dir/build
make[1]: 디렉터리 '/home/ad-course/project_of_xycar/ad-practice-6-assignment/차선인식 프로젝트/build/CMakeFiles/CMakeScratch/TryCompile-C71tEe' 들어감
Building C object CMakeFiles/cmTC_467eb.dir/src.c.o
/usr/bin/clang-17 -DCMAKE_HAVE_LIBC_PTHREAD   -MD -MT CMakeFiles/cmTC_467eb.dir/src.c.o -MF CMakeFiles/cmTC_467eb.dir/src.c.o.d -o CMakeFiles/cmTC_467eb.dir/src.c.o -c "/home/ad-course/project_of_xycar/ad-practice-6-assignment/차선인식 프로젝트/build/CMakeFiles/CMakeScratch/TryCompile-C71tEe/src.c"
Linking C executable cmTC_467eb
/usr/bin/cmake -E cmake_link_script CMakeFiles/cmTC_467eb.dir/link.txt --verbose=1
/usr/bin/clang-17 -rdynamic CMakeFiles/cmTC_467eb.dir/src.c.o -o cmTC_467eb 
CMakeFiles/cmTC_467eb.dir/src.c.o: In function `main':
src.c:(.text+0x22): undefined reference to `pthread_create'
src.c:(.text+0x2b): undefined reference to `pthread_detach'
src.c:(.text+0x34): undefined reference to `pthread_cancel'
src.c:(.text+0x41): undefined reference to `pthread_join'
src.c:(.text+0x50): undefined reference to `pthread_atfork'
clang-17: error: linker command failed with exit code 1 (use -v to see invocation)
CMakeFiles/cmTC_467eb.dir/build.make:99: recipe for target 'cmTC_467eb' failed
make[1]: *** [cmTC_467eb] Error 1
make[1]: 디렉터리 '/home/ad-course/project_of_xycar/ad-practice-6-assignment/차선인식 프로젝트/build/CMakeFiles/CMakeScratch/TryCompile-C71tEe' 나감
Makefile:127: recipe for target 'cmTC_467eb/fast' failed
make: *** [cmTC_467eb/fast] Error 2


Source file was:
#include <pthread.h>

static void* test_func(void* data)
{
  return data;
}

int main(void)
{
  pthread_t thread;
  pthread_create(&thread, NULL, test_func, NULL);
  pthread_detach(thread);
  pthread_cancel(thread);
  pthread_join(thread, NULL);
  pthread_atfork(NULL, NULL, NULL);
  pthread_exit(NULL);

  return 0;
}


Determining if the function pthread_create exists in the pthreads failed with the following output:
Change Dir: /home/ad-course/project_of_xycar/ad-practice-6-assignment/차선인식 프로젝트/build/CMakeFiles/CMakeScratch/TryCompile-NE33Mq

Run Build Command(s):/usr/bin/make -f Makefile cmTC_cf2a4/fast && /usr/bin/make  -f CMakeFiles/cmTC_cf2a4.dir/build.make CMakeFiles/cmTC_cf2a4.dir/build
make[1]: 디렉터리 '/home/ad-course/project_of_xycar/ad-practice-6-assignment/차선인식 프로젝트/build/CMakeFiles/CMakeScratch/TryCompile-NE33Mq' 들어감
Building C object CMakeFiles/cmTC_cf2a4.dir/CheckFunctionExists.c.o
/usr/bin/clang-17   -DCHECK_FUNCTION_EXISTS=pthread_create -MD -MT CMakeFiles/cmTC_cf2a4.dir/CheckFunctionExists.c.o -MF CMakeFiles/cmTC_cf2a4.dir/CheckFunctionExists.c.o.d -o CMakeFiles/cmTC_cf2a4.dir/CheckFunctionExists.c.o -c "/home/ad-course/project_of_xycar/ad-practice-6-assignment/차선인식 프로젝트/build/CMakeFiles/CMakeScratch/TryCompile-NE33Mq/CheckFunctionExists.c"
Linking C executable cmTC_cf2a4
/usr/bin/cmake -E cmake_link_script CMakeFiles/cmTC_cf2a4.dir/link.txt --verbose=1
/usr/bin/clang-17  -DCHECK_FUNCTION_EXISTS=pthread_create -rdynamic CMakeFiles/cmTC_cf2a4.dir/CheckFunctionExists.c.o -o cmTC_cf2a4  -lpthreads 
/usr/bin/ld: cannot find -lpthreads
clang-17: error: linker command failed with exit code 1 (use -v to see invocation)
CMakeFiles/cmTC_cf2a4.dir/build.make:99: recipe for target 'cmTC_cf2a4' failed
make[1]: *** [cmTC_cf2a4] Error 1
make[1]: 디렉터리 '/home/ad-course/project_of_xycar/ad-practice-6-assignment/차선인식 프로젝트/build/CMakeFiles/CMakeScratch/TryCompile-NE33Mq' 나감
Makefile:127: recipe for target 'cmTC_cf2a4/fast' failed
make: *** [cmTC_cf2a4/fast] Error 2



